/COM,ANSYS RELEASE Release 19.1      BUILD 19.1      UP20180418       23:04:37

 *** WARNING ***   SUPPRESSED MESSAGE    CP =       2.969   TIME= 23:04:37
 Area 1, Loop 1 has only 4 number of lines.                              
  Line= *GET, atualSubEnt, AREA, atualEnt, LOOP, 1, LINE, contLn         
  The *GET command is ignored.                                           

 *** WARNING ***   SUPPRESSED MESSAGE    CP =       2.969   TIME= 23:04:37
 Area 2, Loop 1 has only 4 number of lines.                              
  Line= *GET, atualSubEnt, AREA, atualEnt, LOOP, 1, LINE, contLn         
  The *GET command is ignored.                                           

 *** WARNING ***   SUPPRESSED MESSAGE    CP =       2.969   TIME= 23:04:37
 Area 3, Loop 1 has only 4 number of lines.                              
  Line= *GET, atualSubEnt, AREA, atualEnt, LOOP, 1, LINE, contLn         
  The *GET command is ignored.                                           

 *** WARNING ***   SUPPRESSED MESSAGE    CP =       2.969   TIME= 23:04:37
 Area 4, Loop 1 has only 4 number of lines.                              
  Line= *GET, atualSubEnt, AREA, atualEnt, LOOP, 1, LINE, contLn         
  The *GET command is ignored.                                           

 *** WARNING ***   SUPPRESSED MESSAGE    CP =       2.969   TIME= 23:04:37
 Area 5, Loop 1 has only 4 number of lines.                              
  Line= *GET, atualSubEnt, AREA, atualEnt, LOOP, 1, LINE, contLn         
  The *GET command is ignored.                                           

 *** WARNING ***   SUPPRESSED MESSAGE    CP =       2.969   TIME= 23:04:37
 Area 6, Loop 1 has only 4 number of lines.                              
  Line= *GET, atualSubEnt, AREA, atualEnt, LOOP, 1, LINE, contLn         
  The *GET command is ignored.                                           

 *** WARNING ***   SUPPRESSED MESSAGE    CP =       2.969   TIME= 23:04:37
 Area 7, Loop 1 has only 4 number of lines.                              
  Line= *GET, atualSubEnt, AREA, atualEnt, LOOP, 1, LINE, contLn         
  The *GET command is ignored.                                           

 *** WARNING ***   SUPPRESSED MESSAGE    CP =       2.969   TIME= 23:04:37
 Area 8, Loop 1 has only 4 number of lines.                              
  Line= *GET, atualSubEnt, AREA, atualEnt, LOOP, 1, LINE, contLn         
  The *GET command is ignored.                                           

 *** WARNING ***   SUPPRESSED MESSAGE    CP =       2.969   TIME= 23:04:37
 Area 9, Loop 1 has only 4 number of lines.                              
  Line= *GET, atualSubEnt, AREA, atualEnt, LOOP, 1, LINE, contLn         
  The *GET command is ignored.                                           

 *** WARNING ***   SUPPRESSED MESSAGE    CP =       2.969   TIME= 23:04:37
 Area 10, Loop 1 has only 4 number of lines.                             
  Line= *GET, atualSubEnt, AREA, atualEnt, LOOP, 1, LINE, contLn         
  The *GET command is ignored.                                           

 *** WARNING ***   SUPPRESSED MESSAGE    CP =       2.969   TIME= 23:04:37
 Area 11, Loop 1 has only 4 number of lines.                             
  Line= *GET, atualSubEnt, AREA, atualEnt, LOOP, 1, LINE, contLn         
  The *GET command is ignored.                                           

 *** WARNING ***   SUPPRESSED MESSAGE    CP =       2.969   TIME= 23:04:37
 Area 12, Loop 1 has only 4 number of lines.                             
  Line= *GET, atualSubEnt, AREA, atualEnt, LOOP, 1, LINE, contLn         
  The *GET command is ignored.                                           

 *** WARNING ***   SUPPRESSED MESSAGE    CP =       2.969   TIME= 23:04:37
 Area 13, Loop 1 has only 4 number of lines.                             
  Line= *GET, atualSubEnt, AREA, atualEnt, LOOP, 1, LINE, contLn         
  The *GET command is ignored.                                           

 *** WARNING ***   SUPPRESSED MESSAGE    CP =       2.969   TIME= 23:04:37
 Area 14, Loop 1 has only 4 number of lines.                             
  Line= *GET, atualSubEnt, AREA, atualEnt, LOOP, 1, LINE, contLn         
  The *GET command is ignored.                                           

 *** WARNING ***   SUPPRESSED MESSAGE    CP =       2.969   TIME= 23:04:37
 Area 15, Loop 1 has only 4 number of lines.                             
  Line= *GET, atualSubEnt, AREA, atualEnt, LOOP, 1, LINE, contLn         
  The *GET command is ignored.                                           

 *** WARNING ***   SUPPRESSED MESSAGE    CP =       2.969   TIME= 23:04:37
 Area 16, Loop 1 has only 4 number of lines.                             
  Line= *GET, atualSubEnt, AREA, atualEnt, LOOP, 1, LINE, contLn         
  The *GET command is ignored.                                           
